2020-04-30 23:18:57: server error { Error: read ETIMEDOUT
    at TCP.onStreamRead (internal/stream_base_commons.js:111:27)
    --------------------
    at Protocol._enqueue (/Users/wusimin7/Documents/jd_code/node-blog/blog-koa2/node_modules/mysql/lib/protocol/Protocol.js:144:48)
    at Connection.query (/Users/wusimin7/Documents/jd_code/node-blog/blog-koa2/node_modules/mysql/lib/Connection.js:201:25)
    at Promise (/Users/wusimin7/Documents/jd_code/node-blog/blog-koa2/db/mysql.js:15:9)
    at new Promise (<anonymous>)
    at exec (/Users/wusimin7/Documents/jd_code/node-blog/blog-koa2/db/mysql.js:14:19)
    at getList (/Users/wusimin7/Documents/jd_code/node-blog/blog-koa2/controller/user.js:101:26)
    at /Users/wusimin7/Documents/jd_code/node-blog/blog-koa2/routes/user.js:23:22
    at dispatch (/Users/wusimin7/Documents/jd_code/node-blog/blog-koa2/node_modules/koa-router/node_modules/koa-compose/index.js:44:32)
    at next (/Users/wusimin7/Documents/jd_code/node-blog/blog-koa2/node_modules/koa-router/node_modules/koa-compose/index.js:45:18)
    at /Users/wusimin7/Documents/jd_code/node-blog/blog-koa2/node_modules/koa-router/lib/router.js:346:16
    at dispatch (/Users/wusimin7/Documents/jd_code/node-blog/blog-koa2/node_modules/koa-router/node_modules/koa-compose/index.js:44:32)
    at /Users/wusimin7/Documents/jd_code/node-blog/blog-koa2/node_modules/koa-router/node_modules/koa-compose/index.js:36:12
    at dispatch (/Users/wusimin7/Documents/jd_code/node-blog/blog-koa2/node_modules/koa-router/lib/router.js:351:31)
    at dispatch (/Users/wusimin7/Documents/jd_code/node-blog/blog-koa2/node_modules/koa-compose/index.js:42:32)
    at dispatch (/Users/wusimin7/Documents/jd_code/node-blog/blog-koa2/node_modules/koa-router/lib/router.js:332:32)
    at dispatch (/Users/wusimin7/Documents/jd_code/node-blog/blog-koa2/node_modules/koa-compose/index.js:42:32)
  errno: 'ETIMEDOUT',
  code: 'ETIMEDOUT',
  syscall: 'read',
  fatal: true,
  headerSent: true } { request:
   { method: 'GET',
     url: '/api/user/getuserList?top=3',
     header:
      { 'x-forwarded-host': 'localhost:8080',
        'x-forwarded-proto': 'http',
        'x-forwarded-port': '8080',
        'x-forwarded-for': '127.0.0.1',
        'accept-language': 'zh-CN,zh;q=0.9,en;q=0.8',
        'accept-encoding': 'gzip, deflate, br',
        referer: 'http://localhost:8080/',
        'sec-fetch-dest': 'empty',
        'sec-fetch-mode': 'cors',
        'sec-fetch-site': 'same-origin',
        'user-agent':
         'Mozilla/5.0 (Macintosh; Intel Mac OS X 10_13_6) AppleWebKit/537.36 (KHTML, like Gecko) Chrome/81.0.4044.122 Safari/537.36',
        accept: 'application/json, text/plain, */*',
        connection: 'close',
        host: 'localhost:8000' } },
  response:
   { status: 404,
     message: 'Not Found',
     header:
      [Object: null prototype] {
        vary: 'Accept-Encoding, Origin',
        'access-control-allow-origin': '*',
        'access-control-allow-credentials': 'true',
        'access-control-allow-methods': 'POST, GET, OPTIONS',
        'access-control-allow-headers': 'content-type, authorization',
        'access-control-max-age': '86400' } },
  app: { subdomainOffset: 2, proxy: false, env: 'production' },
  originalUrl: '/api/user/getuserList?top=3',
  req: '<original node req>',
  res: '<original node res>',
  socket: '<original node socket>' }
